{
  "RSpec": {
    "coverage": {
      "/home/susisusi/Asiakirjat/HY/WadRoR/Ratebeer/app/models/rating.rb": [
        1,
        1,
        1,
        null,
        1,
        null,
        null,
        null,
        6,
        null,
        1,
        0,
        null,
        null,
        null
      ],
      "/home/susisusi/Asiakirjat/HY/WadRoR/Ratebeer/app/helpers/application_helper.rb": [
        1,
        null,
        1,
        1,
        0,
        0,
        null,
        0,
        null,
        null,
        null,
        1,
        46,
        null,
        null,
        null
      ],
      "/home/susisusi/Asiakirjat/HY/WadRoR/Ratebeer/app/helpers/beer_clubs_helper.rb": [
        1,
        null
      ],
      "/home/susisusi/Asiakirjat/HY/WadRoR/Ratebeer/app/helpers/beers_helper.rb": [
        1,
        null
      ],
      "/home/susisusi/Asiakirjat/HY/WadRoR/Ratebeer/app/helpers/breweries_helper.rb": [
        1,
        null
      ],
      "/home/susisusi/Asiakirjat/HY/WadRoR/Ratebeer/app/helpers/memberships_helper.rb": [
        1,
        null
      ],
      "/home/susisusi/Asiakirjat/HY/WadRoR/Ratebeer/app/helpers/styles_helper.rb": [
        1,
        null
      ],
      "/home/susisusi/Asiakirjat/HY/WadRoR/Ratebeer/app/helpers/users_helper.rb": [
        1,
        null
      ],
      "/home/susisusi/Asiakirjat/HY/WadRoR/Ratebeer/app/models/beer.rb": [
        1,
        1,
        null,
        1,
        1,
        1,
        1,
        null,
        1,
        1,
        null,
        1,
        42,
        null,
        null,
        1,
        90,
        5,
        null,
        null,
        null
      ],
      "/home/susisusi/Asiakirjat/HY/WadRoR/Ratebeer/lib/rating_average.rb": [
        1,
        null,
        1,
        168,
        null,
        null,
        null
      ],
      "/home/susisusi/Asiakirjat/HY/WadRoR/Ratebeer/app/models/brewery.rb": [
        1,
        1,
        null,
        1,
        1,
        null,
        1,
        41,
        null,
        4,
        4,
        null,
        1,
        0,
        null,
        null,
        1,
        15,
        5,
        null,
        null,
        null
      ],
      "/home/susisusi/Asiakirjat/HY/WadRoR/Ratebeer/app/models/user.rb": [
        1,
        1,
        null,
        1,
        null,
        1,
        1,
        1,
        19,
        null,
        1,
        null,
        1,
        null,
        null,
        null,
        1,
        20,
        5,
        null,
        null,
        1,
        18,
        17,
        null,
        null,
        1,
        24,
        null,
        null,
        1,
        24,
        null,
        null,
        null,
        null,
        null,
        null,
        null,
        null,
        null,
        null,
        null,
        1,
        48,
        null,
        280,
        102,
        null,
        null,
        1,
        null,
        1,
        378,
        56,
        null,
        null,
        null
      ],
      "/home/susisusi/Asiakirjat/HY/WadRoR/Ratebeer/app/controllers/styles_controller.rb": [
        1,
        1,
        1,
        null,
        null,
        null,
        1,
        1,
        null,
        null,
        null,
        null,
        1,
        null,
        null,
        null,
        1,
        0,
        null,
        null,
        null,
        1,
        null,
        null,
        null,
        null,
        1,
        0,
        null,
        0,
        0,
        0,
        0,
        null,
        0,
        0,
        null,
        null,
        null,
        null,
        null,
        null,
        1,
        0,
        0,
        0,
        0,
        null,
        0,
        0,
        null,
        null,
        null,
        null,
        null,
        null,
        1,
        0,
        0,
        0,
        0,
        null,
        null,
        null,
        1,
        null,
        1,
        0,
        null,
        null,
        null,
        1,
        0,
        null,
        null
      ],
      "/home/susisusi/Asiakirjat/HY/WadRoR/Ratebeer/app/controllers/application_controller.rb": [
        1,
        null,
        null,
        1,
        null,
        1,
        null,
        1,
        198,
        144,
        null,
        null,
        1,
        4,
        null,
        null,
        1,
        0,
        null,
        null
      ],
      "/home/susisusi/Asiakirjat/HY/WadRoR/Ratebeer/app/models/style.rb": [
        1,
        1,
        null,
        1,
        1,
        null,
        1,
        22,
        null,
        null,
        1,
        30,
        5,
        null,
        null,
        null
      ],
      "/home/susisusi/Asiakirjat/HY/WadRoR/Ratebeer/app/controllers/sessions_controller.rb": [
        1,
        1,
        null,
        null,
        null,
        1,
        12,
        12,
        0,
        12,
        11,
        11,
        null,
        1,
        null,
        null,
        null,
        1,
        0,
        0,
        null,
        null,
        null
      ],
      "/home/susisusi/Asiakirjat/HY/WadRoR/Ratebeer/app/controllers/users_controller.rb": [
        1,
        1,
        null,
        null,
        null,
        1,
        0,
        null,
        null,
        null,
        null,
        1,
        null,
        null,
        null,
        1,
        1,
        null,
        null,
        null,
        1,
        null,
        null,
        null,
        null,
        1,
        1,
        null,
        1,
        1,
        2,
        1,
        null,
        0,
        0,
        null,
        null,
        null,
        null,
        null,
        null,
        1,
        0,
        0,
        0,
        0,
        null,
        0,
        0,
        null,
        null,
        null,
        null,
        null,
        null,
        1,
        0,
        0,
        0,
        0,
        0,
        0,
        null,
        null,
        null,
        null,
        1,
        0,
        0,
        null,
        0,
        null,
        0,
        null,
        null,
        1,
        null,
        1,
        18,
        null,
        null,
        null,
        1,
        1,
        null,
        null
      ],
      "/home/susisusi/Asiakirjat/HY/WadRoR/Ratebeer/app/models/membership.rb": [
        1,
        1,
        1,
        null,
        1,
        null
      ],
      "/home/susisusi/Asiakirjat/HY/WadRoR/Ratebeer/app/models/beer_club.rb": [
        1,
        1,
        1,
        null,
        1,
        0,
        null,
        null,
        null
      ],
      "/home/susisusi/Asiakirjat/HY/WadRoR/Ratebeer/app/controllers/beers_controller.rb": [
        1,
        1,
        1,
        1,
        1,
        null,
        null,
        null,
        1,
        1,
        null,
        null,
        null,
        null,
        1,
        0,
        0,
        null,
        null,
        1,
        4,
        4,
        null,
        null,
        null,
        1,
        2,
        null,
        null,
        null,
        1,
        null,
        null,
        null,
        null,
        1,
        2,
        2,
        2,
        2,
        1,
        null,
        2,
        1,
        null,
        null,
        null,
        null,
        null,
        null,
        1,
        0,
        0,
        0,
        0,
        null,
        0,
        0,
        null,
        null,
        null,
        null,
        null,
        null,
        1,
        0,
        0,
        0,
        0,
        null,
        null,
        null,
        1,
        null,
        1,
        0,
        null,
        null,
        null,
        1,
        2,
        null,
        null
      ],
      "/home/susisusi/Asiakirjat/HY/WadRoR/Ratebeer/app/controllers/breweries_controller.rb": [
        1,
        1,
        1,
        1,
        null,
        null,
        null,
        1,
        3,
        3,
        null,
        null,
        null,
        null,
        1,
        null,
        null,
        null,
        1,
        0,
        null,
        null,
        null,
        1,
        null,
        null,
        null,
        null,
        1,
        0,
        null,
        0,
        0,
        0,
        0,
        null,
        0,
        0,
        null,
        null,
        null,
        null,
        null,
        null,
        1,
        0,
        0,
        0,
        0,
        null,
        0,
        0,
        null,
        null,
        null,
        null,
        null,
        null,
        1,
        0,
        0,
        0,
        0,
        null,
        null,
        null,
        1,
        0,
        0,
        null,
        0,
        null,
        0,
        null,
        null,
        1,
        null,
        1,
        1,
        null,
        null,
        null,
        1,
        0,
        null,
        null
      ],
      "/home/susisusi/Asiakirjat/HY/WadRoR/Ratebeer/lib/beermapping_api.rb": [
        1,
        null,
        1,
        5,
        9,
        null,
        null,
        1,
        4,
        null,
        null,
        4,
        null,
        4,
        null,
        4,
        null,
        3,
        3,
        5,
        null,
        null,
        null,
        1,
        0,
        null,
        null,
        0,
        0,
        null,
        null,
        0,
        null,
        null,
        1,
        4,
        null,
        null,
        null
      ],
      "/home/susisusi/Asiakirjat/HY/WadRoR/Ratebeer/app/models/place.rb": [
        1,
        1,
        null,
        1,
        null,
        null,
        1,
        6,
        null,
        null
      ],
      "/home/susisusi/Asiakirjat/HY/WadRoR/Ratebeer/app/controllers/places_controller.rb": [
        1,
        null,
        null,
        1,
        null,
        null,
        1,
        3,
        3,
        3,
        1,
        null,
        2,
        null,
        null,
        null,
        1,
        0,
        null,
        null,
        null,
        null,
        null,
        null,
        null,
        null,
        null,
        null,
        null
      ],
      "/home/susisusi/Asiakirjat/HY/WadRoR/Ratebeer/app/controllers/ratings_controller.rb": [
        1,
        1,
        5,
        5,
        5,
        5,
        5,
        5,
        null,
        null,
        1,
        1,
        1,
        null,
        null,
        1,
        1,
        null,
        1,
        0,
        1,
        1,
        1,
        null,
        0,
        0,
        null,
        null,
        null,
        1,
        1,
        1,
        1,
        null,
        null,
        null
      ],
      "/home/susisusi/Asiakirjat/HY/WadRoR/Ratebeer/app/controllers/beer_clubs_controller.rb": [
        0,
        0,
        0,
        0,
        0,
        0,
        0,
        0,
        0,
        0,
        0,
        0,
        0,
        0,
        0,
        0,
        0,
        0,
        0,
        0,
        0,
        0,
        0,
        0,
        0,
        0,
        0,
        0,
        0,
        0,
        0,
        0,
        0,
        0,
        0,
        0,
        0,
        0,
        0,
        0,
        0,
        0,
        0,
        0,
        0,
        0,
        0,
        0,
        0,
        0,
        0,
        0,
        0,
        0,
        0,
        0,
        0,
        0,
        0,
        0,
        0,
        0,
        0,
        0,
        0,
        0,
        0,
        0,
        0,
        0,
        0,
        0,
        0,
        0,
        0,
        0,
        0,
        0,
        0,
        0,
        0,
        0,
        0,
        0
      ],
      "/home/susisusi/Asiakirjat/HY/WadRoR/Ratebeer/app/controllers/memberships_controller.rb": [
        0,
        0,
        0,
        0,
        0,
        0,
        0,
        0,
        0,
        0,
        0,
        0,
        0,
        0,
        0,
        0,
        0,
        0,
        0,
        0,
        0,
        0,
        0,
        0,
        0,
        0,
        0,
        0,
        0,
        0,
        0,
        0,
        0,
        0,
        0,
        0,
        0,
        0,
        0,
        0,
        0,
        0,
        0,
        0,
        0,
        0,
        0,
        0,
        0,
        0,
        0,
        0,
        0,
        0,
        0,
        0,
        0,
        0,
        0,
        0,
        0,
        0,
        0,
        0,
        0,
        0,
        0,
        0,
        0,
        0,
        0,
        0,
        0,
        0,
        0,
        0,
        0,
        0
      ]
    },
    "timestamp": 1456423848
  }
}
